<?xml version="1.0" encoding="UTF-8"?>
<!-- Generated by org.testng.reporters.JUnitReportReporter -->
<testsuite skipped="0" hostname="LAPTOP-KJUVDOFS" name="Class_Practice.Frist_Practice" tests="1" failures="0" timestamp="2020-02-08T11:56:44 EST" time="8.402" errors="0">
  <testcase name="f" time="8.402" classname="Class_Practice.Frist_Practice"/>
  <system-out/>
</testsuite> <!-- Class_Practice.Frist_Practice -->
