<?xml version="1.0" encoding="UTF-8"?>
<!-- Generated by org.testng.reporters.JUnitReportReporter -->
<testsuite skipped="0" hostname="LAPTOP-KJUVDOFS" name="Com.facebook.Functionality.Class_practice4" tests="1" failures="0" timestamp="2020-02-09T12:37:04 EST" time="0.004" errors="0">
  <testcase name="f" time="0.004" classname="Com.facebook.Functionality.Class_practice4"/>
  <system-out/>
</testsuite> <!-- Com.facebook.Functionality.Class_practice4 -->
