<?xml version="1.0" encoding="UTF-8"?>
<!-- Generated by org.testng.reporters.JUnitReportReporter -->
<testsuite skipped="0" hostname="LAPTOP-KJUVDOFS" name="FirefoxPractice.TodaysPractice" tests="1" failures="0" timestamp="2020-02-16T12:55:25 EST" time="0.006" errors="0">
  <testcase name="f" time="0.006" classname="FirefoxPractice.TodaysPractice"/>
  <system-out/>
</testsuite> <!-- FirefoxPractice.TodaysPractice -->
