<?xml version="1.0" encoding="UTF-8"?>
<!-- Generated by org.testng.reporters.JUnitReportReporter -->
<testsuite skipped="0" hostname="LAPTOP-KJUVDOFS" name="Com.facebook.Functionality.Practice2" tests="1" failures="0" timestamp="2020-02-02T11:30:37 EST" time="12.834" errors="0">
  <testcase name="f" time="12.834" classname="Com.facebook.Functionality.Practice2"/>
  <system-out/>
</testsuite> <!-- Com.facebook.Functionality.Practice2 -->
