<?xml version="1.0" encoding="UTF-8"?>
<!-- Generated by org.testng.reporters.JUnitReportReporter -->
<testsuite skipped="0" hostname="LAPTOP-KJUVDOFS" name="Com.facebook.Functionality.NewTest" tests="1" failures="0" timestamp="2020-02-01T09:58:45 EST" time="4.422" errors="0">
  <testcase name="f" time="4.422" classname="Com.facebook.Functionality.NewTest"/>
  <system-out/>
</testsuite> <!-- Com.facebook.Functionality.NewTest -->
