<?xml version="1.0" encoding="UTF-8"?>
<!-- Generated by org.testng.reporters.JUnitReportReporter -->
<testsuite skipped="0" hostname="LAPTOP-KJUVDOFS" name="Com.facebook.Functionality.Facebook" tests="1" failures="0" timestamp="2020-02-02T10:06:46 EST" time="0.330" errors="0">
  <testcase name="f" time="0.330" classname="Com.facebook.Functionality.Facebook"/>
  <system-out/>
</testsuite> <!-- Com.facebook.Functionality.Facebook -->
