<?xml version="1.0" encoding="UTF-8"?>
<!-- Generated by org.testng.reporters.JUnitReportReporter -->
<testsuite skipped="0" hostname="LAPTOP-KJUVDOFS" name="Com.amazon.prime.Functionality.Practice_session" tests="1" failures="0" timestamp="2020-01-26T13:53:33 EST" time="9.216" errors="0">
  <testcase name="f" time="9.216" classname="Com.amazon.prime.Functionality.Practice_session"/>
  <system-out/>
</testsuite> <!-- Com.amazon.prime.Functionality.Practice_session -->
